Arguments: 
  /home/d/.nvm/versions/node/v10.19.0/bin/node /usr/share/yarn/bin/yarn.js add vue

PATH: 
  /home/d/.nvm/versions/node/v10.19.0/bin:/usr/local/sbin:/usr/local/bin:/usr/sbin:/usr/bin:/sbin:/bin:/usr/games:/usr/local/games:/snap/bin

Yarn version: 
  1.22.4

Node version: 
  10.19.0

Platform: 
  linux x64

Trace: 
  Error: EACCES: permission denied, mkdir '/home/d/github/inventory-checker/node_modules/vue'

npm manifest: 
  {
    "name": "inventory-checker",
    "version": "1.0.0",
    "main": "index.js",
    "repository": "git@github.com:sibgatulin-danila/inventory-checker.git",
    "author": "sibgatds <sibgat.d.s@gmail.com>",
    "license": "MIT"
  }

yarn manifest: 
  No manifest

Lockfile: 
  No lockfile
